<?xml version="1.0" encoding="UTF-8" standalone="yes" ?>
<test-results name="C:\Users\ashle\Desktop\Coding test\Win32\Debug\CodingTest.exe" total="4" errors="0" failures="0" ignored="0" inconclusive="0" not-run="0" skipped="0" invalid="0" date="2021-09-12" time="0.050">
  <culture-info current-culture="en" current-uiculture="en" />
  <test-suite type="Assembly" name="CodingTest.exe" executed="true" result="Success" success="True" time="0.050" asserts="0">
    <results>
        <test-suite type="Namespace" name="BankTest" executed="true" result="Success" success="True" time="0.050" asserts="0" >
          <results>
              <test-suite type="Fixture" name="BankingTest" executed="True" result="Success" success="True" time="0.050" >
                <results>
                  <test-case name="CreateAccountTest" executed="True" result="Success" success="True" time="0.000" asserts="0" />
                  <test-case name="DepositTest" executed="True" result="Success" success="True" time="0.000" asserts="0" />
                  <test-case name="WithDrawTest" executed="True" result="Success" success="True" time="0.000" asserts="0" />
                  <test-case name="MiniStatementTest" executed="True" result="Success" success="True" time="0.000" asserts="0" />
                </results>
              </test-suite>
          </results>
        </test-suite>
    </results>
  </test-suite>
</test-results>
